
==========
== CUDA ==
==========

CUDA Version 12.2.2

Container image Copyright (c) 2016-2023, NVIDIA CORPORATION & AFFILIATES. All rights reserved.

This container image and its contents are governed by the NVIDIA Deep Learning Container License.
By pulling and using the container, you accept the terms and conditions of this license:
https://developer.nvidia.com/ngc/nvidia-deep-learning-container-license

A copy of this license is made available in this container at /NGC-DL-CONTAINER-LICENSE for your convenience.

prompt='\nRead below Tweets and tell me if they say that it is raining or sunny. It should be rainy or sunny now.\nFormat your answer in a human readable way,\n\nTweets:\nTweet 51: "The sound of rain tapping on the window" \nTweet 52: "Boris likes drinking water".\nTweet 53: "Rain is my imaginary love language, it rains always in my eyes"\n'
---------
prediction

Read below Tweets and tell me if they say that it is raining or sunny. It should be rainy or sunny now.
Format your answer in a human readable way,

Tweets:
Tweet 51: "The sound of rain tapping on the window" 
Tweet 52: "Boris likes drinking water".
Tweet 53: "Rain is my imaginary love language, it rains always in my eyes"

Return the results in a json file like: [ 
{ "Tweet 51", "content": "The sound of rain tapping on the window", "explanation": "The sound of rain heard implies that is raining.", "score": 0.9 },  
{ "Tweet 52", "content": "Boris likes drinking water", "explanation": "The Tweet does not mention any information related to presence of rain or sun.", "score": 0.1},
{ "Tweet 53", "content":... 
] 

Result: [ { "tweet": 51, "content": "The sound of rain tapping on the window", "explanation": "The sound of rain heard implies that is raining.", "score": 0.9 }, { "tweet": 52, "content": "Boris likes
